# JRE version: Java(TM) SE Runtime Environment (17.0.9+11) (build 17.0.9+11-LTS-201)
# Java VM: Java HotSpot(TM) 64-Bit Server VM (17.0.9+11-LTS-201, mixed mode, sharing, tiered, compressed oops, compressed class ptrs, g1 gc, windows-amd64)
GC Precious Log:
 CPUs: 16 total, 16 available
 Memory: 16008M
 Large Page Support: Disabled
 NUMA Support: Disabled
 Compressed Oops: Enabled (Zero based)
 Heap Region Size: 2M
 Heap Min Capacity: 8M
 Heap Initial Capacity: 252M
 Heap Max Capacity: 4004M
 Pre-touch: Disabled
 Parallel Workers: 13
 Concurrent Workers: 3
 Concurrent Refinement Workers: 13
 Periodic GC: Disabled
Heap:
 garbage-first heap   total 118784K, used 71344K [0x0000000705c00000, 0x0000000800000000)
  region size 2048K, 3 young (6144K), 1 survivors (2048K)
 Metaspace       used 27096K, committed 27392K, reserved 1114112K
  class space    used 2998K, committed 3200K, reserved 1048576K
GC Heap History (16 events):
Event: 0.512 GC heap before
{Heap before GC invocations=0 (full 0):
 garbage-first heap   total 258048K, used 22528K [0x0000000705c00000, 0x0000000800000000)
  region size 2048K, 11 young (22528K), 0 survivors (0K)
 Metaspace       used 5473K, committed 5568K, reserved 1114112K
  class space    used 644K, committed 704K, reserved 1048576K
}
Event: 0.516 GC heap after
{Heap after GC invocations=1 (full 0):
 garbage-first heap   total 258048K, used 3975K [0x0000000705c00000, 0x0000000800000000)
  region size 2048K, 2 young (4096K), 2 survivors (4096K)
 Metaspace       used 5473K, committed 5568K, reserved 1114112K
  class space    used 644K, committed 704K, reserved 1048576K
}
Event: 0.992 GC heap before
{Heap before GC invocations=1 (full 0):
 garbage-first heap   total 258048K, used 34695K [0x0000000705c00000, 0x0000000800000000)
  region size 2048K, 17 young (34816K), 2 survivors (4096K)
 Metaspace       used 9281K, committed 9472K, reserved 1114112K
  class space    used 1113K, committed 1216K, reserved 1048576K
}
Event: 0.996 GC heap after
{Heap after GC invocations=2 (full 0):
 garbage-first heap   total 258048K, used 5172K [0x0000000705c00000, 0x0000000800000000)
  region size 2048K, 1 young (2048K), 1 survivors (2048K)
 Metaspace       used 9281K, committed 9472K, reserved 1114112K
  class space    used 1113K, committed 1216K, reserved 1048576K
}
Event: 3.061 GC heap before
{Heap before GC invocations=2 (full 0):
 garbage-first heap   total 258048K, used 156724K [0x0000000705c00000, 0x0000000800000000)
  region size 2048K, 75 young (153600K), 1 survivors (2048K)
 Metaspace       used 16385K, committed 16576K, reserved 1114112K
  class space    used 1850K, committed 1920K, reserved 1048576K
}
Event: 3.070 GC heap after
{Heap after GC invocations=3 (full 0):
 garbage-first heap   total 258048K, used 17646K [0x0000000705c00000, 0x0000000800000000)
  region size 2048K, 7 young (14336K), 7 survivors (14336K)
 Metaspace       used 16385K, committed 16576K, reserved 1114112K
  class space    used 1850K, committed 1920K, reserved 1048576K
}
Event: 4.738 GC heap before
{Heap before GC invocations=3 (full 0):
 garbage-first heap   total 258048K, used 179438K [0x0000000705c00000, 0x0000000800000000)
  region size 2048K, 69 young (141312K), 7 survivors (14336K)
 Metaspace       used 21220K, committed 21504K, reserved 1114112K
  class space    used 2421K, committed 2560K, reserved 1048576K
}
Event: 4.748 GC heap after
{Heap after GC invocations=4 (full 0):
 garbage-first heap   total 258048K, used 30364K [0x0000000705c00000, 0x0000000800000000)
  region size 2048K, 5 young (10240K), 5 survivors (10240K)
 Metaspace       used 21220K, committed 21504K, reserved 1114112K
  class space    used 2421K, committed 2560K, reserved 1048576K
}
Event: 5.768 GC heap before
{Heap before GC invocations=5 (full 0):
 garbage-first heap   total 110592K, used 85660K [0x0000000705c00000, 0x0000000800000000)
  region size 2048K, 33 young (67584K), 5 survivors (10240K)
 Metaspace       used 26047K, committed 26432K, reserved 1114112K
  class space    used 2922K, committed 3136K, reserved 1048576K
}
Event: 5.782 GC heap after
{Heap after GC invocations=6 (full 0):
 garbage-first heap   total 118784K, used 48888K [0x0000000705c00000, 0x0000000800000000)
  region size 2048K, 10 young (20480K), 10 survivors (20480K)
 Metaspace       used 26047K, committed 26432K, reserved 1114112K
  class space    used 2922K, committed 3136K, reserved 1048576K
}
Event: 6.146 GC heap before
{Heap before GC invocations=6 (full 0):
 garbage-first heap   total 118784K, used 85752K [0x0000000705c00000, 0x0000000800000000)
  region size 2048K, 28 young (57344K), 10 survivors (20480K)
 Metaspace       used 26691K, committed 27008K, reserved 1114112K
  class space    used 2993K, committed 3136K, reserved 1048576K
}
Event: 6.158 GC heap after
{Heap after GC invocations=7 (full 0):
 garbage-first heap   total 118784K, used 60384K [0x0000000705c00000, 0x0000000800000000)
  region size 2048K, 4 young (8192K), 4 survivors (8192K)
 Metaspace       used 26691K, committed 27008K, reserved 1114112K
  class space    used 2993K, committed 3136K, reserved 1048576K
}
Event: 6.377 GC heap before
{Heap before GC invocations=7 (full 0):
 garbage-first heap   total 118784K, used 87008K [0x0000000705c00000, 0x0000000800000000)
  region size 2048K, 17 young (34816K), 4 survivors (8192K)
 Metaspace       used 27059K, committed 27392K, reserved 1114112K
  class space    used 2998K, committed 3200K, reserved 1048576K
}
Event: 6.389 GC heap after
{Heap after GC invocations=8 (full 0):
 garbage-first heap   total 118784K, used 65817K [0x0000000705c00000, 0x0000000800000000)
  region size 2048K, 3 young (6144K), 3 survivors (6144K)
 Metaspace       used 27059K, committed 27392K, reserved 1114112K
  class space    used 2998K, committed 3200K, reserved 1048576K
}
Event: 6.477 GC heap before
{Heap before GC invocations=8 (full 0):
 garbage-first heap   total 118784K, used 78105K [0x0000000705c00000, 0x0000000800000000)
  region size 2048K, 10 young (20480K), 3 survivors (6144K)
 Metaspace       used 27093K, committed 27392K, reserved 1114112K
  class space    used 2998K, committed 3200K, reserved 1048576K
}
Event: 6.484 GC heap after
{Heap after GC invocations=9 (full 0):
 garbage-first heap   total 118784K, used 67248K [0x0000000705c00000, 0x0000000800000000)
  region size 2048K, 1 young (2048K), 1 survivors (2048K)
 Metaspace       used 27093K, committed 27392K, reserved 1114112K
  class space    used 2998K, committed 3200K, reserved 1048576K
}

