# JRE version: Java(TM) SE Runtime Environment (17.0.9+11) (build 17.0.9+11-LTS-201)
# Java VM: Java HotSpot(TM) 64-Bit Server VM (17.0.9+11-LTS-201, mixed mode, sharing, tiered, compressed oops, compressed class ptrs, g1 gc, windows-amd64)
GC Precious Log:
 CPUs: 16 total, 16 available
 Memory: 16008M
 Large Page Support: Disabled
 NUMA Support: Disabled
 Compressed Oops: Enabled (Zero based)
 Heap Region Size: 2M
 Heap Min Capacity: 8M
 Heap Initial Capacity: 252M
 Heap Max Capacity: 4004M
 Pre-touch: Disabled
 Parallel Workers: 13
 Concurrent Workers: 3
 Concurrent Refinement Workers: 13
 Periodic GC: Disabled
Heap:
 garbage-first heap   total 530432K, used 232817K [0x0000000705c00000, 0x0000000800000000)
  region size 2048K, 45 young (92160K), 9 survivors (18432K)
 Metaspace       used 35393K, committed 35840K, reserved 1114112K
  class space    used 3750K, committed 3968K, reserved 1048576K
GC Heap History (20 events):
Event: 10.439 GC heap before
{Heap before GC invocations=19 (full 0):
 garbage-first heap   total 169984K, used 137826K [0x0000000705c00000, 0x0000000800000000)
  region size 2048K, 29 young (59392K), 3 survivors (6144K)
 Metaspace       used 30260K, committed 30656K, reserved 1114112K
  class space    used 3299K, committed 3520K, reserved 1048576K
}
Event: 10.450 GC heap after
{Heap after GC invocations=20 (full 0):
 garbage-first heap   total 169984K, used 87388K [0x0000000705c00000, 0x0000000800000000)
  region size 2048K, 3 young (6144K), 3 survivors (6144K)
 Metaspace       used 30260K, committed 30656K, reserved 1114112K
  class space    used 3299K, committed 3520K, reserved 1048576K
}
Event: 10.458 GC heap before
{Heap before GC invocations=20 (full 0):
 garbage-first heap   total 169984K, used 89436K [0x0000000705c00000, 0x0000000800000000)
  region size 2048K, 4 young (8192K), 3 survivors (6144K)
 Metaspace       used 30260K, committed 30656K, reserved 1114112K
  class space    used 3299K, committed 3520K, reserved 1048576K
}
Event: 10.466 GC heap after
{Heap after GC invocations=21 (full 0):
 garbage-first heap   total 241664K, used 86842K [0x0000000705c00000, 0x0000000800000000)
  region size 2048K, 1 young (2048K), 1 survivors (2048K)
 Metaspace       used 30260K, committed 30656K, reserved 1114112K
  class space    used 3299K, committed 3520K, reserved 1048576K
}
Event: 10.797 GC heap before
{Heap before GC invocations=21 (full 0):
 garbage-first heap   total 241664K, used 185146K [0x0000000705c00000, 0x0000000800000000)
  region size 2048K, 49 young (100352K), 1 survivors (2048K)
 Metaspace       used 30358K, committed 30720K, reserved 1114112K
  class space    used 3301K, committed 3520K, reserved 1048576K
}
Event: 10.803 GC heap after
{Heap after GC invocations=22 (full 0):
 garbage-first heap   total 241664K, used 91001K [0x0000000705c00000, 0x0000000800000000)
  region size 2048K, 3 young (6144K), 3 survivors (6144K)
 Metaspace       used 30358K, committed 30720K, reserved 1114112K
  class space    used 3301K, committed 3520K, reserved 1048576K
}
Event: 11.045 GC heap before
{Heap before GC invocations=22 (full 0):
 garbage-first heap   total 241664K, used 191353K [0x0000000705c00000, 0x0000000800000000)
  region size 2048K, 51 young (104448K), 3 survivors (6144K)
 Metaspace       used 30386K, committed 30784K, reserved 1114112K
  class space    used 3301K, committed 3520K, reserved 1048576K
}
Event: 11.056 GC heap after
{Heap after GC invocations=23 (full 0):
 garbage-first heap   total 241664K, used 97933K [0x0000000705c00000, 0x0000000800000000)
  region size 2048K, 5 young (10240K), 5 survivors (10240K)
 Metaspace       used 30386K, committed 30784K, reserved 1114112K
  class space    used 3301K, committed 3520K, reserved 1048576K
}
Event: 11.264 GC heap before
{Heap before GC invocations=23 (full 0):
 garbage-first heap   total 241664K, used 194189K [0x0000000705c00000, 0x0000000800000000)
  region size 2048K, 52 young (106496K), 5 survivors (10240K)
 Metaspace       used 30412K, committed 30784K, reserved 1114112K
  class space    used 3305K, committed 3520K, reserved 1048576K
}
Event: 11.274 GC heap after
{Heap after GC invocations=24 (full 0):
 garbage-first heap   total 241664K, used 99751K [0x0000000705c00000, 0x0000000800000000)
  region size 2048K, 4 young (8192K), 4 survivors (8192K)
 Metaspace       used 30412K, committed 30784K, reserved 1114112K
  class space    used 3305K, committed 3520K, reserved 1048576K
}
Event: 11.473 GC heap before
{Heap before GC invocations=24 (full 0):
 garbage-first heap   total 241664K, used 196007K [0x0000000705c00000, 0x0000000800000000)
  region size 2048K, 51 young (104448K), 4 survivors (8192K)
 Metaspace       used 30465K, committed 30784K, reserved 1114112K
  class space    used 3309K, committed 3520K, reserved 1048576K
}
Event: 11.487 GC heap after
{Heap after GC invocations=25 (full 0):
 garbage-first heap   total 530432K, used 102981K [0x0000000705c00000, 0x0000000800000000)
  region size 2048K, 5 young (10240K), 5 survivors (10240K)
 Metaspace       used 30465K, committed 30784K, reserved 1114112K
  class space    used 3309K, committed 3520K, reserved 1048576K
}
Event: 12.516 GC heap before
{Heap before GC invocations=25 (full 0):
 garbage-first heap   total 530432K, used 410181K [0x0000000705c00000, 0x0000000800000000)
  region size 2048K, 155 young (317440K), 5 survivors (10240K)
 Metaspace       used 30501K, committed 30848K, reserved 1114112K
  class space    used 3309K, committed 3520K, reserved 1048576K
}
Event: 12.522 GC heap after
{Heap after GC invocations=26 (full 0):
 garbage-first heap   total 530432K, used 104758K [0x0000000705c00000, 0x0000000800000000)
  region size 2048K, 6 young (12288K), 6 survivors (12288K)
 Metaspace       used 30501K, committed 30848K, reserved 1114112K
  class space    used 3309K, committed 3520K, reserved 1048576K
}
Event: 14.758 GC heap before
{Heap before GC invocations=26 (full 0):
 garbage-first heap   total 530432K, used 409910K [0x0000000705c00000, 0x0000000800000000)
  region size 2048K, 155 young (317440K), 6 survivors (12288K)
 Metaspace       used 32494K, committed 32896K, reserved 1114112K
  class space    used 3517K, committed 3712K, reserved 1048576K
}
Event: 14.766 GC heap after
{Heap after GC invocations=27 (full 0):
 garbage-first heap   total 530432K, used 106065K [0x0000000705c00000, 0x0000000800000000)
  region size 2048K, 7 young (14336K), 7 survivors (14336K)
 Metaspace       used 32494K, committed 32896K, reserved 1114112K
  class space    used 3517K, committed 3712K, reserved 1048576K
}
Event: 19.236 GC heap before
{Heap before GC invocations=27 (full 0):
 garbage-first heap   total 530432K, used 415313K [0x0000000705c00000, 0x0000000800000000)
  region size 2048K, 155 young (317440K), 7 survivors (14336K)
 Metaspace       used 33681K, committed 34048K, reserved 1114112K
  class space    used 3570K, committed 3776K, reserved 1048576K
}
Event: 19.251 GC heap after
{Heap after GC invocations=28 (full 0):
 garbage-first heap   total 530432K, used 143942K [0x0000000705c00000, 0x0000000800000000)
  region size 2048K, 20 young (40960K), 20 survivors (40960K)
 Metaspace       used 33681K, committed 34048K, reserved 1114112K
  class space    used 3570K, committed 3776K, reserved 1048576K
}
Event: 21.995 GC heap before
{Heap before GC invocations=28 (full 0):
 garbage-first heap   total 530432K, used 420422K [0x0000000705c00000, 0x0000000800000000)
  region size 2048K, 155 young (317440K), 20 survivors (40960K)
 Metaspace       used 35297K, committed 35712K, reserved 1114112K
  class space    used 3750K, committed 3968K, reserved 1048576K
}
Event: 22.009 GC heap after
{Heap after GC invocations=29 (full 0):
 garbage-first heap   total 530432K, used 161137K [0x0000000705c00000, 0x0000000800000000)
  region size 2048K, 9 young (18432K), 9 survivors (18432K)
 Metaspace       used 35297K, committed 35712K, reserved 1114112K
  class space    used 3750K, committed 3968K, reserved 1048576K
}

